#-----------------------------------------------------------
# Vivado v2020.2 (64-bit)
# SW Build 3064766 on Wed Nov 18 09:12:45 MST 2020
# IP Build 3064653 on Wed Nov 18 14:17:31 MST 2020
# Start of session at: Tue Mar  9 13:09:29 2021
# Process ID: 12644
# Current directory: U:/S9APP4Archi/Problematique/mips32_unicycle_reference
# Command line: vivado.exe -gui_launcher_event rodinguilauncherevent5336 U:\S9APP4Archi\Problematique\mips32_unicycle_reference\mips32_unicycle_reference.xpr
# Log file: U:/S9APP4Archi/Problematique/mips32_unicycle_reference/vivado.log
# Journal file: U:/S9APP4Archi/Problematique/mips32_unicycle_reference\vivado.jou
#-----------------------------------------------------------
start_gui
open_project U:/S9APP4Archi/Problematique/mips32_unicycle_reference/mips32_unicycle_reference.xpr
INFO: [Project 1-313] Project file moved from 'C:/Users/tetm2701/Documents/svn_Architecture/2021/H21/Processeurs/mips32_unicycle_reference' since last save.
WARNING: [filemgmt 56-2] Default IP Output Path : Could not find the directory 'U:/S9APP4Archi/Problematique/mips32_unicycle_reference/mips32_unicycle_reference.gen/sources_1', nor could it be found using path 'C:/Users/tetm2701/Documents/svn_Architecture/2021/H21/Processeurs/mips32_unicycle_reference/mips32_unicycle_reference.gen/sources_1'.
WARNING: [filemgmt 56-2] IPUserFilesDir: Could not find the directory 'U:/S9APP4Archi/Problematique/mips32_unicycle_reference/mips32_unicycle_reference.ip_user_files', nor could it be found using path 'C:/Users/tetm2701/Documents/svn_Architecture/2021/H21/Processeurs/mips32_unicycle_reference/mips32_unicycle_reference.ip_user_files'.
Scanning sources...
Finished scanning sources
INFO: [IP_Flow 19-234] Refreshing IP repositories
INFO: [IP_Flow 19-1704] No user IP repositories specified
INFO: [IP_Flow 19-2313] Loaded Vivado IP repository 'C:/Xilinx/Vivado/2020.2/data/ip'.
open_project: Time (s): cpu = 00:00:15 ; elapsed = 00:00:13 . Memory (MB): peak = 1018.324 ; gain = 0.000
exit
INFO: [Common 17-206] Exiting Vivado at Tue Mar  9 13:10:38 2021...
